<?xml version="1.0" encoding="UTF-8"?>
<testsuite name="Ingreso a la sección de empleos" tests="1" skipped="0" failures="0" errors="0" timestamp="2020-11-10T09:46:41" hostname="LuisD" time="16.672">
  <properties/>
  <testcase name="Ingreso satisfactorio" classname="Ingreso a la sección de empleos" time="16.672"/>
  <system-out><![CDATA[Feature: Ingreso a la sección de empleos

  Scenario: Ingreso satisfactorio                        ?[90m# src/test/resources/features/search/search/seachPage.feature:3?[0m
04:46:41.598 [Test worker] INFO   - 
 _____ _____ ____ _____   ____ _____  _    ____ _____ _____ ____  
|_   _| ____/ ___|_   _| / ___|_   _|/ \  |  _ \_   _| ____|  _ \ 
  | | |  _| \___ \ | |   \___ \ | | / _ \ | |_) || | |  _| | | | |
  | | | |___ ___) || |    ___) || |/ ___ \|  _ < | | | |___| |_| |
  |_| |_____|____/ |_|   |____/ |_/_/   \_\_| \_\|_| |_____|____/ 

Ingreso satisfactorio(ingreso-a-la-sección-de-empleos;ingreso-satisfactorio)
-------------------------------------------------------------------
    ?[32mGiven ?[0m?[32m?[0m?[32m?[1mLuis?[0m?[32m ingresa a la pagina principal de Choucair?[0m ?[90m# SearchOnChromeStepDefinitions.ingresa_a_la_pagina_principal_de_choucair(String)?[0m
04:46:43.693 [Test worker] INFO  n.s.c.w.d.ProvideNewDriver - Instantiating driver
04:46:43.694 [Test worker] INFO  n.s.c.w.d.ProvideNewDriver - Driver capabilities: Capabilities {acceptInsecureCerts: false, browserName: chrome, chrome.switches: --start-maximized;--test-ty..., goog:chromeOptions: {args: [--start-maximized, --test-type, --no-sandbox, --ignore-certificate-errors..., --disable-popup-blocking, --disable-default-apps, --disable-extensions-file-a..., --incognito, --disable-infobars, --disable-gpu], extensions: []}, loggingPrefs: org.openqa.selenium.logging..., platform: ANY, version: }
    ?[32mWhen ?[0m?[32mel selecciona la opcion de Empleos?[0m              ?[90m# SearchOnChromeStepDefinitions.el_selecciona_la_opcion_de_empleos()?[0m
    ?[32mThen ?[0m?[32mel puede visualizar la vista de Empleos?[0m         ?[90m# SearchOnChromeStepDefinitions.el_puede_visualizar_la_vista_de_empleos()?[0m
]]></system-out>
  <system-err><![CDATA[nov 10, 2020 4:46:42 AM org.openqa.selenium.remote.DesiredCapabilities chrome
INFORMACIÓN: Using `new ChromeOptions()` is preferred to `DesiredCapabilities.chrome()`
Starting ChromeDriver 86.0.4240.22 (398b0743353ff36fb1b82468f63a3a93b4e2e89e-refs/branch-heads/4240@{#378}) on port 31560
Only local connections are allowed.
Please see https://chromedriver.chromium.org/security-considerations for suggestions on keeping ChromeDriver safe.
ChromeDriver was started successfully.
nov 10, 2020 4:46:48 AM org.openqa.selenium.remote.ProtocolHandshake createSession
INFORMACIÓN: Detected dialect: W3C
]]></system-err>
</testsuite>
